# QEMU configure log 2024年 06月 16日 星期日 17:17:43 CST
# Configured with: '../configure' '--target-list=loongarch64-linux-user' '--enable-debug' '--extra-cflags=-DCONFIG_LMJ -DCONFIG_LMJ_DEBUG' '--extra-ldflags=-export-dynamic'
#

funcs: do_compiler do_cc compile_object check_define main
lines: 145 181 462 479 0
cc -DCONFIG_LMJ -DCONFIG_LMJ_DEBUG -std=gnu11 -Wall -D_GNU_SOURCE -D_FILE_OFFSET_BITS=64 -D_LARGEFILE_SOURCE -Wstrict-prototypes -Wredundant-decls -Wundef -Wwrite-strings -Wmissing-prototypes -fno-strict-aliasing -fno-common -fwrapv -c -o config-temp/qemu-conf.o config-temp/qemu-conf.c

funcs: do_compiler do_cc compile_object check_define main
lines: 145 181 462 573 0
cc -DCONFIG_LMJ -DCONFIG_LMJ_DEBUG -std=gnu11 -Wall -D_GNU_SOURCE -D_FILE_OFFSET_BITS=64 -D_LARGEFILE_SOURCE -Wstrict-prototypes -Wredundant-decls -Wundef -Wwrite-strings -Wmissing-prototypes -fno-strict-aliasing -fno-common -fwrapv -c -o config-temp/qemu-conf.o config-temp/qemu-conf.c
config-temp/qemu-conf.c:2:2: error: #error __i386__ not defined
 #error __i386__ not defined
  ^~~~~

funcs: do_compiler do_cc compile_object check_define main
lines: 145 181 462 575 0
cc -DCONFIG_LMJ -DCONFIG_LMJ_DEBUG -std=gnu11 -Wall -D_GNU_SOURCE -D_FILE_OFFSET_BITS=64 -D_LARGEFILE_SOURCE -Wstrict-prototypes -Wredundant-decls -Wundef -Wwrite-strings -Wmissing-prototypes -fno-strict-aliasing -fno-common -fwrapv -c -o config-temp/qemu-conf.o config-temp/qemu-conf.c
config-temp/qemu-conf.c:2:2: error: #error __x86_64__ not defined
 #error __x86_64__ not defined
  ^~~~~

funcs: do_compiler do_cc compile_object check_define main
lines: 145 181 462 581 0
cc -DCONFIG_LMJ -DCONFIG_LMJ_DEBUG -std=gnu11 -Wall -D_GNU_SOURCE -D_FILE_OFFSET_BITS=64 -D_LARGEFILE_SOURCE -Wstrict-prototypes -Wredundant-decls -Wundef -Wwrite-strings -Wmissing-prototypes -fno-strict-aliasing -fno-common -fwrapv -c -o config-temp/qemu-conf.o config-temp/qemu-conf.c
config-temp/qemu-conf.c:2:2: error: #error __sparc__ not defined
 #error __sparc__ not defined
  ^~~~~

funcs: do_compiler do_cc compile_object check_define main
lines: 145 181 462 587 0
cc -DCONFIG_LMJ -DCONFIG_LMJ_DEBUG -std=gnu11 -Wall -D_GNU_SOURCE -D_FILE_OFFSET_BITS=64 -D_LARGEFILE_SOURCE -Wstrict-prototypes -Wredundant-decls -Wundef -Wwrite-strings -Wmissing-prototypes -fno-strict-aliasing -fno-common -fwrapv -c -o config-temp/qemu-conf.o config-temp/qemu-conf.c
config-temp/qemu-conf.c:2:2: error: #error _ARCH_PPC not defined
 #error _ARCH_PPC not defined
  ^~~~~

funcs: do_compiler do_cc compile_object check_define main
lines: 145 181 462 597 0
cc -DCONFIG_LMJ -DCONFIG_LMJ_DEBUG -std=gnu11 -Wall -D_GNU_SOURCE -D_FILE_OFFSET_BITS=64 -D_LARGEFILE_SOURCE -Wstrict-prototypes -Wredundant-decls -Wundef -Wwrite-strings -Wmissing-prototypes -fno-strict-aliasing -fno-common -fwrapv -c -o config-temp/qemu-conf.o config-temp/qemu-conf.c
config-temp/qemu-conf.c:2:2: error: #error __mips__ not defined
 #error __mips__ not defined
  ^~~~~

funcs: do_compiler do_cc compile_object check_define main
lines: 145 181 462 599 0
cc -DCONFIG_LMJ -DCONFIG_LMJ_DEBUG -std=gnu11 -Wall -D_GNU_SOURCE -D_FILE_OFFSET_BITS=64 -D_LARGEFILE_SOURCE -Wstrict-prototypes -Wredundant-decls -Wundef -Wwrite-strings -Wmissing-prototypes -fno-strict-aliasing -fno-common -fwrapv -c -o config-temp/qemu-conf.o config-temp/qemu-conf.c
config-temp/qemu-conf.c:2:2: error: #error __s390__ not defined
 #error __s390__ not defined
  ^~~~~

funcs: do_compiler do_cc compile_object check_define main
lines: 145 181 462 605 0
cc -DCONFIG_LMJ -DCONFIG_LMJ_DEBUG -std=gnu11 -Wall -D_GNU_SOURCE -D_FILE_OFFSET_BITS=64 -D_LARGEFILE_SOURCE -Wstrict-prototypes -Wredundant-decls -Wundef -Wwrite-strings -Wmissing-prototypes -fno-strict-aliasing -fno-common -fwrapv -c -o config-temp/qemu-conf.o config-temp/qemu-conf.c
config-temp/qemu-conf.c:2:2: error: #error __riscv not defined
 #error __riscv not defined
  ^~~~~

funcs: do_compiler do_cc compile_object check_define main
lines: 145 181 462 607 0
cc -DCONFIG_LMJ -DCONFIG_LMJ_DEBUG -std=gnu11 -Wall -D_GNU_SOURCE -D_FILE_OFFSET_BITS=64 -D_LARGEFILE_SOURCE -Wstrict-prototypes -Wredundant-decls -Wundef -Wwrite-strings -Wmissing-prototypes -fno-strict-aliasing -fno-common -fwrapv -c -o config-temp/qemu-conf.o config-temp/qemu-conf.c
config-temp/qemu-conf.c:2:2: error: #error __arm__ not defined
 #error __arm__ not defined
  ^~~~~

funcs: do_compiler do_cc compile_object check_define main
lines: 145 181 462 609 0
cc -DCONFIG_LMJ -DCONFIG_LMJ_DEBUG -std=gnu11 -Wall -D_GNU_SOURCE -D_FILE_OFFSET_BITS=64 -D_LARGEFILE_SOURCE -Wstrict-prototypes -Wredundant-decls -Wundef -Wwrite-strings -Wmissing-prototypes -fno-strict-aliasing -fno-common -fwrapv -c -o config-temp/qemu-conf.o config-temp/qemu-conf.c
config-temp/qemu-conf.c:2:2: error: #error __aarch64__ not defined
 #error __aarch64__ not defined
  ^~~~~

funcs: do_compiler do_cc compile_object check_define main
lines: 145 181 462 611 0
cc -DCONFIG_LMJ -DCONFIG_LMJ_DEBUG -std=gnu11 -Wall -D_GNU_SOURCE -D_FILE_OFFSET_BITS=64 -D_LARGEFILE_SOURCE -Wstrict-prototypes -Wredundant-decls -Wundef -Wwrite-strings -Wmissing-prototypes -fno-strict-aliasing -fno-common -fwrapv -c -o config-temp/qemu-conf.o config-temp/qemu-conf.c

funcs: do_compiler do_cc compile_object main
lines: 145 181 1362 0
cc -DCONFIG_LMJ -DCONFIG_LMJ_DEBUG -std=gnu11 -Wall -D_GNU_SOURCE -D_FILE_OFFSET_BITS=64 -D_LARGEFILE_SOURCE -Wstrict-prototypes -Wredundant-decls -Wundef -Wwrite-strings -Wmissing-prototypes -fno-strict-aliasing -fno-common -fwrapv -c -o config-temp/qemu-conf.o config-temp/qemu-conf.c

funcs: do_compiler do_cc compile_prog main
lines: 145 187 1367 0
cc -DCONFIG_LMJ -DCONFIG_LMJ_DEBUG -std=gnu11 -Wall -D_GNU_SOURCE -D_FILE_OFFSET_BITS=64 -D_LARGEFILE_SOURCE -Wstrict-prototypes -Wredundant-decls -Wundef -Wwrite-strings -Wmissing-prototypes -fno-strict-aliasing -fno-common -fwrapv -o config-temp/qemu-conf.exe config-temp/qemu-conf.c -export-dynamic

funcs: do_compiler do_cc compile_prog main
lines: 145 187 1411 0
cc -DCONFIG_LMJ -DCONFIG_LMJ_DEBUG -std=gnu11 -Wall -D_GNU_SOURCE -D_FILE_OFFSET_BITS=64 -D_LARGEFILE_SOURCE -Wstrict-prototypes -Wredundant-decls -Wundef -Wwrite-strings -Wmissing-prototypes -fno-strict-aliasing -fno-common -fwrapv -o config-temp/qemu-conf.exe config-temp/qemu-conf.c -export-dynamic
cc -Werror -DCONFIG_LMJ -DCONFIG_LMJ_DEBUG -std=gnu11 -Wall -D_GNU_SOURCE -D_FILE_OFFSET_BITS=64 -D_LARGEFILE_SOURCE -Wstrict-prototypes -Wredundant-decls -Wundef -Wwrite-strings -Wmissing-prototypes -fno-strict-aliasing -fno-common -fwrapv -o config-temp/qemu-conf.exe config-temp/qemu-conf.c -export-dynamic

funcs: do_compiler do_cc compile_prog cc_has_warning_flag main
lines: 145 187 1453 1471 0
cc -DCONFIG_LMJ -DCONFIG_LMJ_DEBUG -std=gnu11 -Wall -D_GNU_SOURCE -D_FILE_OFFSET_BITS=64 -D_LARGEFILE_SOURCE -Wstrict-prototypes -Wredundant-decls -Wundef -Wwrite-strings -Wmissing-prototypes -fno-strict-aliasing -fno-common -fwrapv -Werror -Wold-style-declaration -o config-temp/qemu-conf.exe config-temp/qemu-conf.c -export-dynamic

funcs: do_compiler do_objc objcc_has_warning_flag main
lines: 153 1465 1474 0
clang -Werror -Wold-style-declaration -DCONFIG_LMJ -DCONFIG_LMJ_DEBUG -o config-temp/qemu-conf.exe config-temp/qemu-conf.m
error: unknown warning option '-Wold-style-declaration'; did you mean '-Wout-of-line-declaration'? [-Werror,-Wunknown-warning-option]

funcs: do_compiler do_cc compile_prog cc_has_warning_flag main
lines: 145 187 1453 1471 0
cc -DCONFIG_LMJ -DCONFIG_LMJ_DEBUG -std=gnu11 -Wall -D_GNU_SOURCE -D_FILE_OFFSET_BITS=64 -D_LARGEFILE_SOURCE -Wstrict-prototypes -Wredundant-decls -Wundef -Wwrite-strings -Wmissing-prototypes -fno-strict-aliasing -fno-common -fwrapv -Wold-style-declaration -Werror -Wold-style-definition -o config-temp/qemu-conf.exe config-temp/qemu-conf.c -export-dynamic

funcs: do_compiler do_objc objcc_has_warning_flag main
lines: 153 1465 1474 0
clang -Werror -Wold-style-definition -DCONFIG_LMJ -DCONFIG_LMJ_DEBUG -o config-temp/qemu-conf.exe config-temp/qemu-conf.m

funcs: do_compiler do_cc compile_prog cc_has_warning_flag main
lines: 145 187 1453 1471 0
cc -DCONFIG_LMJ -DCONFIG_LMJ_DEBUG -std=gnu11 -Wall -D_GNU_SOURCE -D_FILE_OFFSET_BITS=64 -D_LARGEFILE_SOURCE -Wstrict-prototypes -Wredundant-decls -Wundef -Wwrite-strings -Wmissing-prototypes -fno-strict-aliasing -fno-common -fwrapv -Wold-style-declaration -Wold-style-definition -Werror -Wtype-limits -o config-temp/qemu-conf.exe config-temp/qemu-conf.c -export-dynamic

funcs: do_compiler do_objc objcc_has_warning_flag main
lines: 153 1465 1474 0
clang -Werror -Wtype-limits -DCONFIG_LMJ -DCONFIG_LMJ_DEBUG -Wold-style-definition -o config-temp/qemu-conf.exe config-temp/qemu-conf.m

funcs: do_compiler do_cc compile_prog cc_has_warning_flag main
lines: 145 187 1453 1471 0
cc -DCONFIG_LMJ -DCONFIG_LMJ_DEBUG -std=gnu11 -Wall -D_GNU_SOURCE -D_FILE_OFFSET_BITS=64 -D_LARGEFILE_SOURCE -Wstrict-prototypes -Wredundant-decls -Wundef -Wwrite-strings -Wmissing-prototypes -fno-strict-aliasing -fno-common -fwrapv -Wold-style-declaration -Wold-style-definition -Wtype-limits -Werror -Wformat-security -o config-temp/qemu-conf.exe config-temp/qemu-conf.c -export-dynamic

funcs: do_compiler do_objc objcc_has_warning_flag main
lines: 153 1465 1474 0
clang -Werror -Wformat-security -DCONFIG_LMJ -DCONFIG_LMJ_DEBUG -Wold-style-definition -Wtype-limits -o config-temp/qemu-conf.exe config-temp/qemu-conf.m

funcs: do_compiler do_cc compile_prog cc_has_warning_flag main
lines: 145 187 1453 1471 0
cc -DCONFIG_LMJ -DCONFIG_LMJ_DEBUG -std=gnu11 -Wall -D_GNU_SOURCE -D_FILE_OFFSET_BITS=64 -D_LARGEFILE_SOURCE -Wstrict-prototypes -Wredundant-decls -Wundef -Wwrite-strings -Wmissing-prototypes -fno-strict-aliasing -fno-common -fwrapv -Wold-style-declaration -Wold-style-definition -Wtype-limits -Wformat-security -Werror -Wformat-y2k -o config-temp/qemu-conf.exe config-temp/qemu-conf.c -export-dynamic

funcs: do_compiler do_objc objcc_has_warning_flag main
lines: 153 1465 1474 0
clang -Werror -Wformat-y2k -DCONFIG_LMJ -DCONFIG_LMJ_DEBUG -Wold-style-definition -Wtype-limits -Wformat-security -o config-temp/qemu-conf.exe config-temp/qemu-conf.m

funcs: do_compiler do_cc compile_prog cc_has_warning_flag main
lines: 145 187 1453 1471 0
cc -DCONFIG_LMJ -DCONFIG_LMJ_DEBUG -std=gnu11 -Wall -D_GNU_SOURCE -D_FILE_OFFSET_BITS=64 -D_LARGEFILE_SOURCE -Wstrict-prototypes -Wredundant-decls -Wundef -Wwrite-strings -Wmissing-prototypes -fno-strict-aliasing -fno-common -fwrapv -Wold-style-declaration -Wold-style-definition -Wtype-limits -Wformat-security -Wformat-y2k -Werror -Winit-self -o config-temp/qemu-conf.exe config-temp/qemu-conf.c -export-dynamic

funcs: do_compiler do_objc objcc_has_warning_flag main
lines: 153 1465 1474 0
clang -Werror -Winit-self -DCONFIG_LMJ -DCONFIG_LMJ_DEBUG -Wold-style-definition -Wtype-limits -Wformat-security -Wformat-y2k -o config-temp/qemu-conf.exe config-temp/qemu-conf.m

funcs: do_compiler do_cc compile_prog cc_has_warning_flag main
lines: 145 187 1453 1471 0
cc -DCONFIG_LMJ -DCONFIG_LMJ_DEBUG -std=gnu11 -Wall -D_GNU_SOURCE -D_FILE_OFFSET_BITS=64 -D_LARGEFILE_SOURCE -Wstrict-prototypes -Wredundant-decls -Wundef -Wwrite-strings -Wmissing-prototypes -fno-strict-aliasing -fno-common -fwrapv -Wold-style-declaration -Wold-style-definition -Wtype-limits -Wformat-security -Wformat-y2k -Winit-self -Werror -Wignored-qualifiers -o config-temp/qemu-conf.exe config-temp/qemu-conf.c -export-dynamic

funcs: do_compiler do_objc objcc_has_warning_flag main
lines: 153 1465 1474 0
clang -Werror -Wignored-qualifiers -DCONFIG_LMJ -DCONFIG_LMJ_DEBUG -Wold-style-definition -Wtype-limits -Wformat-security -Wformat-y2k -Winit-self -o config-temp/qemu-conf.exe config-temp/qemu-conf.m

funcs: do_compiler do_cc compile_prog cc_has_warning_flag main
lines: 145 187 1453 1471 0
cc -DCONFIG_LMJ -DCONFIG_LMJ_DEBUG -std=gnu11 -Wall -D_GNU_SOURCE -D_FILE_OFFSET_BITS=64 -D_LARGEFILE_SOURCE -Wstrict-prototypes -Wredundant-decls -Wundef -Wwrite-strings -Wmissing-prototypes -fno-strict-aliasing -fno-common -fwrapv -Wold-style-declaration -Wold-style-definition -Wtype-limits -Wformat-security -Wformat-y2k -Winit-self -Wignored-qualifiers -Werror -Wempty-body -o config-temp/qemu-conf.exe config-temp/qemu-conf.c -export-dynamic

funcs: do_compiler do_objc objcc_has_warning_flag main
lines: 153 1465 1474 0
clang -Werror -Wempty-body -DCONFIG_LMJ -DCONFIG_LMJ_DEBUG -Wold-style-definition -Wtype-limits -Wformat-security -Wformat-y2k -Winit-self -Wignored-qualifiers -o config-temp/qemu-conf.exe config-temp/qemu-conf.m

funcs: do_compiler do_cc compile_prog cc_has_warning_flag main
lines: 145 187 1453 1471 0
cc -DCONFIG_LMJ -DCONFIG_LMJ_DEBUG -std=gnu11 -Wall -D_GNU_SOURCE -D_FILE_OFFSET_BITS=64 -D_LARGEFILE_SOURCE -Wstrict-prototypes -Wredundant-decls -Wundef -Wwrite-strings -Wmissing-prototypes -fno-strict-aliasing -fno-common -fwrapv -Wold-style-declaration -Wold-style-definition -Wtype-limits -Wformat-security -Wformat-y2k -Winit-self -Wignored-qualifiers -Wempty-body -Werror -Wnested-externs -o config-temp/qemu-conf.exe config-temp/qemu-conf.c -export-dynamic

funcs: do_compiler do_objc objcc_has_warning_flag main
lines: 153 1465 1474 0
clang -Werror -Wnested-externs -DCONFIG_LMJ -DCONFIG_LMJ_DEBUG -Wold-style-definition -Wtype-limits -Wformat-security -Wformat-y2k -Winit-self -Wignored-qualifiers -Wempty-body -o config-temp/qemu-conf.exe config-temp/qemu-conf.m

funcs: do_compiler do_cc compile_prog cc_has_warning_flag main
lines: 145 187 1453 1471 0
cc -DCONFIG_LMJ -DCONFIG_LMJ_DEBUG -std=gnu11 -Wall -D_GNU_SOURCE -D_FILE_OFFSET_BITS=64 -D_LARGEFILE_SOURCE -Wstrict-prototypes -Wredundant-decls -Wundef -Wwrite-strings -Wmissing-prototypes -fno-strict-aliasing -fno-common -fwrapv -Wold-style-declaration -Wold-style-definition -Wtype-limits -Wformat-security -Wformat-y2k -Winit-self -Wignored-qualifiers -Wempty-body -Wnested-externs -Werror -Wendif-labels -o config-temp/qemu-conf.exe config-temp/qemu-conf.c -export-dynamic

funcs: do_compiler do_objc objcc_has_warning_flag main
lines: 153 1465 1474 0
clang -Werror -Wendif-labels -DCONFIG_LMJ -DCONFIG_LMJ_DEBUG -Wold-style-definition -Wtype-limits -Wformat-security -Wformat-y2k -Winit-self -Wignored-qualifiers -Wempty-body -Wnested-externs -o config-temp/qemu-conf.exe config-temp/qemu-conf.m

funcs: do_compiler do_cc compile_prog cc_has_warning_flag main
lines: 145 187 1453 1471 0
cc -DCONFIG_LMJ -DCONFIG_LMJ_DEBUG -std=gnu11 -Wall -D_GNU_SOURCE -D_FILE_OFFSET_BITS=64 -D_LARGEFILE_SOURCE -Wstrict-prototypes -Wredundant-decls -Wundef -Wwrite-strings -Wmissing-prototypes -fno-strict-aliasing -fno-common -fwrapv -Wold-style-declaration -Wold-style-definition -Wtype-limits -Wformat-security -Wformat-y2k -Winit-self -Wignored-qualifiers -Wempty-body -Wnested-externs -Wendif-labels -Werror -Wexpansion-to-defined -o config-temp/qemu-conf.exe config-temp/qemu-conf.c -export-dynamic

funcs: do_compiler do_objc objcc_has_warning_flag main
lines: 153 1465 1474 0
clang -Werror -Wexpansion-to-defined -DCONFIG_LMJ -DCONFIG_LMJ_DEBUG -Wold-style-definition -Wtype-limits -Wformat-security -Wformat-y2k -Winit-self -Wignored-qualifiers -Wempty-body -Wnested-externs -Wendif-labels -o config-temp/qemu-conf.exe config-temp/qemu-conf.m

funcs: do_compiler do_cc compile_prog cc_has_warning_flag main
lines: 145 187 1453 1471 0
cc -DCONFIG_LMJ -DCONFIG_LMJ_DEBUG -std=gnu11 -Wall -D_GNU_SOURCE -D_FILE_OFFSET_BITS=64 -D_LARGEFILE_SOURCE -Wstrict-prototypes -Wredundant-decls -Wundef -Wwrite-strings -Wmissing-prototypes -fno-strict-aliasing -fno-common -fwrapv -Wold-style-declaration -Wold-style-definition -Wtype-limits -Wformat-security -Wformat-y2k -Winit-self -Wignored-qualifiers -Wempty-body -Wnested-externs -Wendif-labels -Wexpansion-to-defined -Werror -Wimplicit-fallthrough=2 -o config-temp/qemu-conf.exe config-temp/qemu-conf.c -export-dynamic

funcs: do_compiler do_objc objcc_has_warning_flag main
lines: 153 1465 1474 0
clang -Werror -Wimplicit-fallthrough=2 -DCONFIG_LMJ -DCONFIG_LMJ_DEBUG -Wold-style-definition -Wtype-limits -Wformat-security -Wformat-y2k -Winit-self -Wignored-qualifiers -Wempty-body -Wnested-externs -Wendif-labels -Wexpansion-to-defined -o config-temp/qemu-conf.exe config-temp/qemu-conf.m
error: unknown warning option '-Wimplicit-fallthrough=2'; did you mean '-Wimplicit-fallthrough'? [-Werror,-Wunknown-warning-option]

funcs: do_compiler do_cc compile_prog cc_has_warning_flag main
lines: 145 187 1453 1471 0
cc -DCONFIG_LMJ -DCONFIG_LMJ_DEBUG -std=gnu11 -Wall -D_GNU_SOURCE -D_FILE_OFFSET_BITS=64 -D_LARGEFILE_SOURCE -Wstrict-prototypes -Wredundant-decls -Wundef -Wwrite-strings -Wmissing-prototypes -fno-strict-aliasing -fno-common -fwrapv -Wold-style-declaration -Wold-style-definition -Wtype-limits -Wformat-security -Wformat-y2k -Winit-self -Wignored-qualifiers -Wempty-body -Wnested-externs -Wendif-labels -Wexpansion-to-defined -Wimplicit-fallthrough=2 -Werror -Winitializer-overrides -o config-temp/qemu-conf.exe config-temp/qemu-conf.c -export-dynamic
cc: error: unrecognized command line option ‘-Winitializer-overrides’; did you mean ‘-Wno-suggest-override’?

funcs: do_compiler do_objc objcc_has_warning_flag main
lines: 153 1465 1474 0
clang -Werror -Winitializer-overrides -DCONFIG_LMJ -DCONFIG_LMJ_DEBUG -Wold-style-definition -Wtype-limits -Wformat-security -Wformat-y2k -Winit-self -Wignored-qualifiers -Wempty-body -Wnested-externs -Wendif-labels -Wexpansion-to-defined -o config-temp/qemu-conf.exe config-temp/qemu-conf.m

funcs: do_compiler do_cc compile_prog cc_has_warning_flag main
lines: 145 187 1453 1471 0
cc -DCONFIG_LMJ -DCONFIG_LMJ_DEBUG -std=gnu11 -Wall -D_GNU_SOURCE -D_FILE_OFFSET_BITS=64 -D_LARGEFILE_SOURCE -Wstrict-prototypes -Wredundant-decls -Wundef -Wwrite-strings -Wmissing-prototypes -fno-strict-aliasing -fno-common -fwrapv -Wold-style-declaration -Wold-style-definition -Wtype-limits -Wformat-security -Wformat-y2k -Winit-self -Wignored-qualifiers -Wempty-body -Wnested-externs -Wendif-labels -Wexpansion-to-defined -Wimplicit-fallthrough=2 -Werror -Wmissing-include-dirs -o config-temp/qemu-conf.exe config-temp/qemu-conf.c -export-dynamic

funcs: do_compiler do_objc objcc_has_warning_flag main
lines: 153 1465 1474 0
clang -Werror -Wmissing-include-dirs -DCONFIG_LMJ -DCONFIG_LMJ_DEBUG -Wold-style-definition -Wtype-limits -Wformat-security -Wformat-y2k -Winit-self -Wignored-qualifiers -Wempty-body -Wnested-externs -Wendif-labels -Wexpansion-to-defined -Wno-initializer-overrides -o config-temp/qemu-conf.exe config-temp/qemu-conf.m

funcs: do_compiler do_cc compile_prog cc_has_warning_flag main
lines: 145 187 1453 1471 0
cc -DCONFIG_LMJ -DCONFIG_LMJ_DEBUG -std=gnu11 -Wall -D_GNU_SOURCE -D_FILE_OFFSET_BITS=64 -D_LARGEFILE_SOURCE -Wstrict-prototypes -Wredundant-decls -Wundef -Wwrite-strings -Wmissing-prototypes -fno-strict-aliasing -fno-common -fwrapv -Wold-style-declaration -Wold-style-definition -Wtype-limits -Wformat-security -Wformat-y2k -Winit-self -Wignored-qualifiers -Wempty-body -Wnested-externs -Wendif-labels -Wexpansion-to-defined -Wimplicit-fallthrough=2 -Wno-missing-include-dirs -Werror -Wshift-negative-value -o config-temp/qemu-conf.exe config-temp/qemu-conf.c -export-dynamic

funcs: do_compiler do_objc objcc_has_warning_flag main
lines: 153 1465 1474 0
clang -Werror -Wshift-negative-value -DCONFIG_LMJ -DCONFIG_LMJ_DEBUG -Wold-style-definition -Wtype-limits -Wformat-security -Wformat-y2k -Winit-self -Wignored-qualifiers -Wempty-body -Wnested-externs -Wendif-labels -Wexpansion-to-defined -Wno-initializer-overrides -Wno-missing-include-dirs -o config-temp/qemu-conf.exe config-temp/qemu-conf.m

funcs: do_compiler do_cc compile_prog cc_has_warning_flag main
lines: 145 187 1453 1471 0
cc -DCONFIG_LMJ -DCONFIG_LMJ_DEBUG -std=gnu11 -Wall -D_GNU_SOURCE -D_FILE_OFFSET_BITS=64 -D_LARGEFILE_SOURCE -Wstrict-prototypes -Wredundant-decls -Wundef -Wwrite-strings -Wmissing-prototypes -fno-strict-aliasing -fno-common -fwrapv -Wold-style-declaration -Wold-style-definition -Wtype-limits -Wformat-security -Wformat-y2k -Winit-self -Wignored-qualifiers -Wempty-body -Wnested-externs -Wendif-labels -Wexpansion-to-defined -Wimplicit-fallthrough=2 -Wno-missing-include-dirs -Wno-shift-negative-value -Werror -Wstring-plus-int -o config-temp/qemu-conf.exe config-temp/qemu-conf.c -export-dynamic
cc: error: unrecognized command line option ‘-Wstring-plus-int’; did you mean ‘-Wstrict-aliasing’?

funcs: do_compiler do_objc objcc_has_warning_flag main
lines: 153 1465 1474 0
clang -Werror -Wstring-plus-int -DCONFIG_LMJ -DCONFIG_LMJ_DEBUG -Wold-style-definition -Wtype-limits -Wformat-security -Wformat-y2k -Winit-self -Wignored-qualifiers -Wempty-body -Wnested-externs -Wendif-labels -Wexpansion-to-defined -Wno-initializer-overrides -Wno-missing-include-dirs -Wno-shift-negative-value -o config-temp/qemu-conf.exe config-temp/qemu-conf.m

funcs: do_compiler do_cc compile_prog cc_has_warning_flag main
lines: 145 187 1453 1471 0
cc -DCONFIG_LMJ -DCONFIG_LMJ_DEBUG -std=gnu11 -Wall -D_GNU_SOURCE -D_FILE_OFFSET_BITS=64 -D_LARGEFILE_SOURCE -Wstrict-prototypes -Wredundant-decls -Wundef -Wwrite-strings -Wmissing-prototypes -fno-strict-aliasing -fno-common -fwrapv -Wold-style-declaration -Wold-style-definition -Wtype-limits -Wformat-security -Wformat-y2k -Winit-self -Wignored-qualifiers -Wempty-body -Wnested-externs -Wendif-labels -Wexpansion-to-defined -Wimplicit-fallthrough=2 -Wno-missing-include-dirs -Wno-shift-negative-value -Werror -Wtypedef-redefinition -o config-temp/qemu-conf.exe config-temp/qemu-conf.c -export-dynamic
cc: error: unrecognized command line option ‘-Wtypedef-redefinition’; did you mean ‘-Wold-style-definition’?

funcs: do_compiler do_objc objcc_has_warning_flag main
lines: 153 1465 1474 0
clang -Werror -Wtypedef-redefinition -DCONFIG_LMJ -DCONFIG_LMJ_DEBUG -Wold-style-definition -Wtype-limits -Wformat-security -Wformat-y2k -Winit-self -Wignored-qualifiers -Wempty-body -Wnested-externs -Wendif-labels -Wexpansion-to-defined -Wno-initializer-overrides -Wno-missing-include-dirs -Wno-shift-negative-value -Wno-string-plus-int -o config-temp/qemu-conf.exe config-temp/qemu-conf.m

funcs: do_compiler do_cc compile_prog cc_has_warning_flag main
lines: 145 187 1453 1471 0
cc -DCONFIG_LMJ -DCONFIG_LMJ_DEBUG -std=gnu11 -Wall -D_GNU_SOURCE -D_FILE_OFFSET_BITS=64 -D_LARGEFILE_SOURCE -Wstrict-prototypes -Wredundant-decls -Wundef -Wwrite-strings -Wmissing-prototypes -fno-strict-aliasing -fno-common -fwrapv -Wold-style-declaration -Wold-style-definition -Wtype-limits -Wformat-security -Wformat-y2k -Winit-self -Wignored-qualifiers -Wempty-body -Wnested-externs -Wendif-labels -Wexpansion-to-defined -Wimplicit-fallthrough=2 -Wno-missing-include-dirs -Wno-shift-negative-value -Werror -Wtautological-type-limit-compare -o config-temp/qemu-conf.exe config-temp/qemu-conf.c -export-dynamic
cc: error: unrecognized command line option ‘-Wtautological-type-limit-compare’; did you mean ‘-Wtautological-compare’?

funcs: do_compiler do_objc objcc_has_warning_flag main
lines: 153 1465 1474 0
clang -Werror -Wtautological-type-limit-compare -DCONFIG_LMJ -DCONFIG_LMJ_DEBUG -Wold-style-definition -Wtype-limits -Wformat-security -Wformat-y2k -Winit-self -Wignored-qualifiers -Wempty-body -Wnested-externs -Wendif-labels -Wexpansion-to-defined -Wno-initializer-overrides -Wno-missing-include-dirs -Wno-shift-negative-value -Wno-string-plus-int -Wno-typedef-redefinition -o config-temp/qemu-conf.exe config-temp/qemu-conf.m

funcs: do_compiler do_cc compile_prog cc_has_warning_flag main
lines: 145 187 1453 1471 0
cc -DCONFIG_LMJ -DCONFIG_LMJ_DEBUG -std=gnu11 -Wall -D_GNU_SOURCE -D_FILE_OFFSET_BITS=64 -D_LARGEFILE_SOURCE -Wstrict-prototypes -Wredundant-decls -Wundef -Wwrite-strings -Wmissing-prototypes -fno-strict-aliasing -fno-common -fwrapv -Wold-style-declaration -Wold-style-definition -Wtype-limits -Wformat-security -Wformat-y2k -Winit-self -Wignored-qualifiers -Wempty-body -Wnested-externs -Wendif-labels -Wexpansion-to-defined -Wimplicit-fallthrough=2 -Wno-missing-include-dirs -Wno-shift-negative-value -Werror -Wpsabi -o config-temp/qemu-conf.exe config-temp/qemu-conf.c -export-dynamic

funcs: do_compiler do_objc objcc_has_warning_flag main
lines: 153 1465 1474 0
clang -Werror -Wpsabi -DCONFIG_LMJ -DCONFIG_LMJ_DEBUG -Wold-style-definition -Wtype-limits -Wformat-security -Wformat-y2k -Winit-self -Wignored-qualifiers -Wempty-body -Wnested-externs -Wendif-labels -Wexpansion-to-defined -Wno-initializer-overrides -Wno-missing-include-dirs -Wno-shift-negative-value -Wno-string-plus-int -Wno-typedef-redefinition -Wno-tautological-type-limit-compare -o config-temp/qemu-conf.exe config-temp/qemu-conf.m
error: unknown warning option '-Wpsabi' [-Werror,-Wunknown-warning-option]

funcs: do_compiler do_cc compile_object main
lines: 145 181 1495 0
cc -DCONFIG_LMJ -DCONFIG_LMJ_DEBUG -std=gnu11 -Wall -D_GNU_SOURCE -D_FILE_OFFSET_BITS=64 -D_LARGEFILE_SOURCE -Wstrict-prototypes -Wredundant-decls -Wundef -Wwrite-strings -Wmissing-prototypes -fno-strict-aliasing -fno-common -fwrapv -Wold-style-declaration -Wold-style-definition -Wtype-limits -Wformat-security -Wformat-y2k -Winit-self -Wignored-qualifiers -Wempty-body -Wnested-externs -Wendif-labels -Wexpansion-to-defined -Wimplicit-fallthrough=2 -Wno-missing-include-dirs -Wno-shift-negative-value -Wno-psabi -Werror -fstack-protector-strong -c -o config-temp/qemu-conf.o config-temp/qemu-conf.c

funcs: do_compiler do_cc compile_prog main
lines: 145 187 1496 0
cc -DCONFIG_LMJ -DCONFIG_LMJ_DEBUG -std=gnu11 -Wall -D_GNU_SOURCE -D_FILE_OFFSET_BITS=64 -D_LARGEFILE_SOURCE -Wstrict-prototypes -Wredundant-decls -Wundef -Wwrite-strings -Wmissing-prototypes -fno-strict-aliasing -fno-common -fwrapv -Wold-style-declaration -Wold-style-definition -Wtype-limits -Wformat-security -Wformat-y2k -Winit-self -Wignored-qualifiers -Wempty-body -Wnested-externs -Wendif-labels -Wexpansion-to-defined -Wimplicit-fallthrough=2 -Wno-missing-include-dirs -Wno-shift-negative-value -Wno-psabi -Werror -fstack-protector-strong -o config-temp/qemu-conf.exe config-temp/qemu-conf.c -export-dynamic

funcs: do_compiler do_cc compile_object main
lines: 145 181 1517 0
cc -DCONFIG_LMJ -DCONFIG_LMJ_DEBUG -std=gnu11 -Wall -D_GNU_SOURCE -D_FILE_OFFSET_BITS=64 -D_LARGEFILE_SOURCE -Wstrict-prototypes -Wredundant-decls -Wundef -Wwrite-strings -Wmissing-prototypes -fno-strict-aliasing -fno-common -fwrapv -Wold-style-declaration -Wold-style-definition -Wtype-limits -Wformat-security -Wformat-y2k -Winit-self -Wignored-qualifiers -Wempty-body -Wnested-externs -Wendif-labels -Wexpansion-to-defined -Wimplicit-fallthrough=2 -Wno-missing-include-dirs -Wno-shift-negative-value -Wno-psabi -fstack-protector-strong -Werror -c -o config-temp/qemu-conf.o config-temp/qemu-conf.c

funcs: do_compiler do_cc compile_prog main
lines: 145 187 1559 0
cc -DCONFIG_LMJ -DCONFIG_LMJ_DEBUG -std=gnu11 -Wall -D_GNU_SOURCE -D_FILE_OFFSET_BITS=64 -D_LARGEFILE_SOURCE -Wstrict-prototypes -Wredundant-decls -Wundef -Wwrite-strings -Wmissing-prototypes -fno-strict-aliasing -fno-common -fwrapv -Wold-style-declaration -Wold-style-definition -Wtype-limits -Wformat-security -Wformat-y2k -Winit-self -Wignored-qualifiers -Wempty-body -Wnested-externs -Wendif-labels -Wexpansion-to-defined -Wimplicit-fallthrough=2 -Wno-missing-include-dirs -Wno-shift-negative-value -Wno-psabi -fstack-protector-strong -Werror -fno-pie -o config-temp/qemu-conf.exe config-temp/qemu-conf.c -export-dynamic -fstack-protector-strong -no-pie

funcs: do_compiler do_cc compile_prog main
lines: 145 187 1578 0
cc -DCONFIG_LMJ -DCONFIG_LMJ_DEBUG -std=gnu11 -Wall -D_GNU_SOURCE -D_FILE_OFFSET_BITS=64 -D_LARGEFILE_SOURCE -Wstrict-prototypes -Wredundant-decls -Wundef -Wwrite-strings -Wmissing-prototypes -fno-strict-aliasing -fno-common -fwrapv -Wold-style-declaration -Wold-style-definition -Wtype-limits -Wformat-security -Wformat-y2k -Winit-self -Wignored-qualifiers -Wempty-body -Wnested-externs -Wendif-labels -Wexpansion-to-defined -Wimplicit-fallthrough=2 -Wno-missing-include-dirs -Wno-shift-negative-value -Wno-psabi -fstack-protector-strong -Werror -fPIE -DPIE -o config-temp/qemu-conf.exe config-temp/qemu-conf.c -export-dynamic -fstack-protector-strong -pie

funcs: do_compiler do_cc compile_prog main
lines: 145 187 1591 0
cc -DCONFIG_LMJ -DCONFIG_LMJ_DEBUG -fPIE -DPIE -std=gnu11 -Wall -D_GNU_SOURCE -D_FILE_OFFSET_BITS=64 -D_LARGEFILE_SOURCE -Wstrict-prototypes -Wredundant-decls -Wundef -Wwrite-strings -Wmissing-prototypes -fno-strict-aliasing -fno-common -fwrapv -Wold-style-declaration -Wold-style-definition -Wtype-limits -Wformat-security -Wformat-y2k -Winit-self -Wignored-qualifiers -Wempty-body -Wnested-externs -Wendif-labels -Wexpansion-to-defined -Wimplicit-fallthrough=2 -Wno-missing-include-dirs -Wno-shift-negative-value -Wno-psabi -fstack-protector-strong -o config-temp/qemu-conf.exe config-temp/qemu-conf.c -export-dynamic -pie -fstack-protector-strong -Wl,-z,relro -Wl,-z,now
cc -Werror -DCONFIG_LMJ -DCONFIG_LMJ_DEBUG -fPIE -DPIE -std=gnu11 -Wall -D_GNU_SOURCE -D_FILE_OFFSET_BITS=64 -D_LARGEFILE_SOURCE -Wstrict-prototypes -Wredundant-decls -Wundef -Wwrite-strings -Wmissing-prototypes -fno-strict-aliasing -fno-common -fwrapv -Wold-style-declaration -Wold-style-definition -Wtype-limits -Wformat-security -Wformat-y2k -Winit-self -Wignored-qualifiers -Wempty-body -Wnested-externs -Wendif-labels -Wexpansion-to-defined -Wimplicit-fallthrough=2 -Wno-missing-include-dirs -Wno-shift-negative-value -Wno-psabi -fstack-protector-strong -o config-temp/qemu-conf.exe config-temp/qemu-conf.c -export-dynamic -pie -fstack-protector-strong -Wl,-z,relro -Wl,-z,now

funcs: do_compiler do_cc compile_prog main
lines: 145 187 1676 0
cc -DCONFIG_LMJ -DCONFIG_LMJ_DEBUG -fPIE -DPIE -std=gnu11 -Wall -D_GNU_SOURCE -D_FILE_OFFSET_BITS=64 -D_LARGEFILE_SOURCE -Wstrict-prototypes -Wredundant-decls -Wundef -Wwrite-strings -Wmissing-prototypes -fno-strict-aliasing -fno-common -fwrapv -Wold-style-declaration -Wold-style-definition -Wtype-limits -Wformat-security -Wformat-y2k -Winit-self -Wignored-qualifiers -Wempty-body -Wnested-externs -Wendif-labels -Wexpansion-to-defined -Wimplicit-fallthrough=2 -Wno-missing-include-dirs -Wno-shift-negative-value -Wno-psabi -fstack-protector-strong -o config-temp/qemu-conf.exe config-temp/qemu-conf.c -export-dynamic -pie -Wl,-z,relro -Wl,-z,now -fstack-protector-strong
cc -Werror -DCONFIG_LMJ -DCONFIG_LMJ_DEBUG -fPIE -DPIE -std=gnu11 -Wall -D_GNU_SOURCE -D_FILE_OFFSET_BITS=64 -D_LARGEFILE_SOURCE -Wstrict-prototypes -Wredundant-decls -Wundef -Wwrite-strings -Wmissing-prototypes -fno-strict-aliasing -fno-common -fwrapv -Wold-style-declaration -Wold-style-definition -Wtype-limits -Wformat-security -Wformat-y2k -Winit-self -Wignored-qualifiers -Wempty-body -Wnested-externs -Wendif-labels -Wexpansion-to-defined -Wimplicit-fallthrough=2 -Wno-missing-include-dirs -Wno-shift-negative-value -Wno-psabi -fstack-protector-strong -o config-temp/qemu-conf.exe config-temp/qemu-conf.c -export-dynamic -pie -Wl,-z,relro -Wl,-z,now -fstack-protector-strong

funcs: do_compiler do_cc compile_prog main
lines: 145 187 1785 0
cc -DCONFIG_LMJ -DCONFIG_LMJ_DEBUG -fPIE -DPIE -std=gnu11 -Wall -D_GNU_SOURCE -D_FILE_OFFSET_BITS=64 -D_LARGEFILE_SOURCE -Wstrict-prototypes -Wredundant-decls -Wundef -Wwrite-strings -Wmissing-prototypes -fno-strict-aliasing -fno-common -fwrapv -Wold-style-declaration -Wold-style-definition -Wtype-limits -Wformat-security -Wformat-y2k -Winit-self -Wignored-qualifiers -Wempty-body -Wnested-externs -Wendif-labels -Wexpansion-to-defined -Wimplicit-fallthrough=2 -Wno-missing-include-dirs -Wno-shift-negative-value -Wno-psabi -fstack-protector-strong -o config-temp/qemu-conf.exe config-temp/qemu-conf.c -export-dynamic -pie -Wl,-z,relro -Wl,-z,now -fstack-protector-strong -lxenstore -lxenctrl
config-temp/qemu-conf.c:1:10: fatal error: xenctrl.h: No such file or directory
 #include <xenctrl.h>
          ^~~~~~~~~~~
compilation terminated.

funcs: do_compiler do_cc compile_prog main
lines: 145 187 2063 0
cc -DCONFIG_LMJ -DCONFIG_LMJ_DEBUG -fPIE -DPIE -std=gnu11 -Wall -D_GNU_SOURCE -D_FILE_OFFSET_BITS=64 -D_LARGEFILE_SOURCE -Wstrict-prototypes -Wredundant-decls -Wundef -Wwrite-strings -Wmissing-prototypes -fno-strict-aliasing -fno-common -fwrapv -Wold-style-declaration -Wold-style-definition -Wtype-limits -Wformat-security -Wformat-y2k -Winit-self -Wignored-qualifiers -Wempty-body -Wnested-externs -Wendif-labels -Wexpansion-to-defined -Wimplicit-fallthrough=2 -Wno-missing-include-dirs -Wno-shift-negative-value -Wno-psabi -fstack-protector-strong -o config-temp/qemu-conf.exe config-temp/qemu-conf.c -export-dynamic -pie -Wl,-z,relro -Wl,-z,now -fstack-protector-strong -lrdmacm -libverbs -libumad
config-temp/qemu-conf.c:1:10: fatal error: rdma/rdma_cma.h: No such file or directory
 #include <rdma/rdma_cma.h>
          ^~~~~~~~~~~~~~~~~
compilation terminated.

funcs: do_compiler do_cc compile_prog main
lines: 145 187 2196 0
cc -DCONFIG_LMJ -DCONFIG_LMJ_DEBUG -fPIE -DPIE -std=gnu11 -Wall -D_GNU_SOURCE -D_FILE_OFFSET_BITS=64 -D_LARGEFILE_SOURCE -Wstrict-prototypes -Wredundant-decls -Wundef -Wwrite-strings -Wmissing-prototypes -fno-strict-aliasing -fno-common -fwrapv -Wold-style-declaration -Wold-style-definition -Wtype-limits -Wformat-security -Wformat-y2k -Winit-self -Wignored-qualifiers -Wempty-body -Wnested-externs -Wendif-labels -Wexpansion-to-defined -Wimplicit-fallthrough=2 -Wno-missing-include-dirs -Wno-shift-negative-value -Wno-psabi -fstack-protector-strong -I/usr/include/glib-2.0 -I/usr/lib64/glib-2.0/include -pthread -o config-temp/qemu-conf.exe config-temp/qemu-conf.c -export-dynamic -pie -Wl,-z,relro -Wl,-z,now -fstack-protector-strong -lgio-2.0 -lgobject-2.0 -lglib-2.0
cc -Werror -DCONFIG_LMJ -DCONFIG_LMJ_DEBUG -fPIE -DPIE -std=gnu11 -Wall -D_GNU_SOURCE -D_FILE_OFFSET_BITS=64 -D_LARGEFILE_SOURCE -Wstrict-prototypes -Wredundant-decls -Wundef -Wwrite-strings -Wmissing-prototypes -fno-strict-aliasing -fno-common -fwrapv -Wold-style-declaration -Wold-style-definition -Wtype-limits -Wformat-security -Wformat-y2k -Winit-self -Wignored-qualifiers -Wempty-body -Wnested-externs -Wendif-labels -Wexpansion-to-defined -Wimplicit-fallthrough=2 -Wno-missing-include-dirs -Wno-shift-negative-value -Wno-psabi -fstack-protector-strong -I/usr/include/glib-2.0 -I/usr/lib64/glib-2.0/include -pthread -o config-temp/qemu-conf.exe config-temp/qemu-conf.c -export-dynamic -pie -Wl,-z,relro -Wl,-z,now -fstack-protector-strong -lgio-2.0 -lgobject-2.0 -lglib-2.0

funcs: do_compiler do_cc compile_prog main
lines: 145 187 2237 0
cc -DCONFIG_LMJ -DCONFIG_LMJ_DEBUG -fPIE -DPIE -std=gnu11 -Wall -D_GNU_SOURCE -D_FILE_OFFSET_BITS=64 -D_LARGEFILE_SOURCE -Wstrict-prototypes -Wredundant-decls -Wundef -Wwrite-strings -Wmissing-prototypes -fno-strict-aliasing -fno-common -fwrapv -Wold-style-declaration -Wold-style-definition -Wtype-limits -Wformat-security -Wformat-y2k -Winit-self -Wignored-qualifiers -Wempty-body -Wnested-externs -Wendif-labels -Wexpansion-to-defined -Wimplicit-fallthrough=2 -Wno-missing-include-dirs -Wno-shift-negative-value -Wno-psabi -fstack-protector-strong -pthread -I/usr/include/glib-2.0 -I/usr/lib64/glib-2.0/include -o config-temp/qemu-conf.exe config-temp/qemu-conf.c -export-dynamic -pie -Wl,-z,relro -Wl,-z,now -fstack-protector-strong -lgmodule-2.0 -pthread -lglib-2.0
cc -Werror -DCONFIG_LMJ -DCONFIG_LMJ_DEBUG -fPIE -DPIE -std=gnu11 -Wall -D_GNU_SOURCE -D_FILE_OFFSET_BITS=64 -D_LARGEFILE_SOURCE -Wstrict-prototypes -Wredundant-decls -Wundef -Wwrite-strings -Wmissing-prototypes -fno-strict-aliasing -fno-common -fwrapv -Wold-style-declaration -Wold-style-definition -Wtype-limits -Wformat-security -Wformat-y2k -Winit-self -Wignored-qualifiers -Wempty-body -Wnested-externs -Wendif-labels -Wexpansion-to-defined -Wimplicit-fallthrough=2 -Wno-missing-include-dirs -Wno-shift-negative-value -Wno-psabi -fstack-protector-strong -pthread -I/usr/include/glib-2.0 -I/usr/lib64/glib-2.0/include -o config-temp/qemu-conf.exe config-temp/qemu-conf.c -export-dynamic -pie -Wl,-z,relro -Wl,-z,now -fstack-protector-strong -lgmodule-2.0 -pthread -lglib-2.0

funcs: do_compiler do_cc compile_prog main
lines: 145 187 2257 0
cc -DCONFIG_LMJ -DCONFIG_LMJ_DEBUG -fPIE -DPIE -std=gnu11 -Wall -D_GNU_SOURCE -D_FILE_OFFSET_BITS=64 -D_LARGEFILE_SOURCE -Wstrict-prototypes -Wredundant-decls -Wundef -Wwrite-strings -Wmissing-prototypes -fno-strict-aliasing -fno-common -fwrapv -Wold-style-declaration -Wold-style-definition -Wtype-limits -Wformat-security -Wformat-y2k -Winit-self -Wignored-qualifiers -Wempty-body -Wnested-externs -Wendif-labels -Wexpansion-to-defined -Wimplicit-fallthrough=2 -Wno-missing-include-dirs -Wno-shift-negative-value -Wno-psabi -fstack-protector-strong -pthread -I/usr/include/glib-2.0 -I/usr/lib64/glib-2.0/include -Werror -o config-temp/qemu-conf.exe config-temp/qemu-conf.c -export-dynamic -pie -Wl,-z,relro -Wl,-z,now -fstack-protector-strong -lgmodule-2.0 -pthread -lglib-2.0

funcs: do_compiler do_cc compile_prog main
lines: 145 187 2337 0
cc -DCONFIG_LMJ -DCONFIG_LMJ_DEBUG -fPIE -DPIE -std=gnu11 -Wall -D_GNU_SOURCE -D_FILE_OFFSET_BITS=64 -D_LARGEFILE_SOURCE -Wstrict-prototypes -Wredundant-decls -Wundef -Wwrite-strings -Wmissing-prototypes -fno-strict-aliasing -fno-common -fwrapv -Wold-style-declaration -Wold-style-definition -Wtype-limits -Wformat-security -Wformat-y2k -Winit-self -Wignored-qualifiers -Wempty-body -Wnested-externs -Wendif-labels -Wexpansion-to-defined -Wimplicit-fallthrough=2 -Wno-missing-include-dirs -Wno-shift-negative-value -Wno-psabi -fstack-protector-strong -o config-temp/qemu-conf.exe config-temp/qemu-conf.c -export-dynamic -pie -Wl,-z,relro -Wl,-z,now -fstack-protector-strong
cc -Werror -DCONFIG_LMJ -DCONFIG_LMJ_DEBUG -fPIE -DPIE -std=gnu11 -Wall -D_GNU_SOURCE -D_FILE_OFFSET_BITS=64 -D_LARGEFILE_SOURCE -Wstrict-prototypes -Wredundant-decls -Wundef -Wwrite-strings -Wmissing-prototypes -fno-strict-aliasing -fno-common -fwrapv -Wold-style-declaration -Wold-style-definition -Wtype-limits -Wformat-security -Wformat-y2k -Winit-self -Wignored-qualifiers -Wempty-body -Wnested-externs -Wendif-labels -Wexpansion-to-defined -Wimplicit-fallthrough=2 -Wno-missing-include-dirs -Wno-shift-negative-value -Wno-psabi -fstack-protector-strong -o config-temp/qemu-conf.exe config-temp/qemu-conf.c -export-dynamic -pie -Wl,-z,relro -Wl,-z,now -fstack-protector-strong

funcs: do_compiler do_cc compile_prog main
lines: 145 187 2368 0
cc -DCONFIG_LMJ -DCONFIG_LMJ_DEBUG -fPIE -DPIE -std=gnu11 -Wall -D_GNU_SOURCE -D_FILE_OFFSET_BITS=64 -D_LARGEFILE_SOURCE -Wstrict-prototypes -Wredundant-decls -Wundef -Wwrite-strings -Wmissing-prototypes -fno-strict-aliasing -fno-common -fwrapv -Wold-style-declaration -Wold-style-definition -Wtype-limits -Wformat-security -Wformat-y2k -Winit-self -Wignored-qualifiers -Wempty-body -Wnested-externs -Wendif-labels -Wexpansion-to-defined -Wimplicit-fallthrough=2 -Wno-missing-include-dirs -Wno-shift-negative-value -Wno-psabi -fstack-protector-strong -o config-temp/qemu-conf.exe config-temp/qemu-conf.c -export-dynamic -pie -Wl,-z,relro -Wl,-z,now -fstack-protector-strong
cc -Werror -DCONFIG_LMJ -DCONFIG_LMJ_DEBUG -fPIE -DPIE -std=gnu11 -Wall -D_GNU_SOURCE -D_FILE_OFFSET_BITS=64 -D_LARGEFILE_SOURCE -Wstrict-prototypes -Wredundant-decls -Wundef -Wwrite-strings -Wmissing-prototypes -fno-strict-aliasing -fno-common -fwrapv -Wold-style-declaration -Wold-style-definition -Wtype-limits -Wformat-security -Wformat-y2k -Winit-self -Wignored-qualifiers -Wempty-body -Wnested-externs -Wendif-labels -Wexpansion-to-defined -Wimplicit-fallthrough=2 -Wno-missing-include-dirs -Wno-shift-negative-value -Wno-psabi -fstack-protector-strong -o config-temp/qemu-conf.exe config-temp/qemu-conf.c -export-dynamic -pie -Wl,-z,relro -Wl,-z,now -fstack-protector-strong

funcs: do_compiler do_cc compile_prog main
lines: 145 187 2458 0
cc -DCONFIG_LMJ -DCONFIG_LMJ_DEBUG -fPIE -DPIE -std=gnu11 -Wall -D_GNU_SOURCE -D_FILE_OFFSET_BITS=64 -D_LARGEFILE_SOURCE -Wstrict-prototypes -Wredundant-decls -Wundef -Wwrite-strings -Wmissing-prototypes -fno-strict-aliasing -fno-common -fwrapv -Wold-style-declaration -Wold-style-definition -Wtype-limits -Wformat-security -Wformat-y2k -Winit-self -Wignored-qualifiers -Wempty-body -Wnested-externs -Wendif-labels -Wexpansion-to-defined -Wimplicit-fallthrough=2 -Wno-missing-include-dirs -Wno-shift-negative-value -Wno-psabi -fstack-protector-strong -Werror -o config-temp/qemu-conf.exe config-temp/qemu-conf.c -export-dynamic -pie -Wl,-z,relro -Wl,-z,now -fstack-protector-strong

funcs: do_compiler do_cc compile_object main
lines: 145 181 2493 0
cc -DCONFIG_LMJ -DCONFIG_LMJ_DEBUG -fPIE -DPIE -std=gnu11 -Wall -D_GNU_SOURCE -D_FILE_OFFSET_BITS=64 -D_LARGEFILE_SOURCE -Wstrict-prototypes -Wredundant-decls -Wundef -Wwrite-strings -Wmissing-prototypes -fno-strict-aliasing -fno-common -fwrapv -Wold-style-declaration -Wold-style-definition -Wtype-limits -Wformat-security -Wformat-y2k -Winit-self -Wignored-qualifiers -Wempty-body -Wnested-externs -Wendif-labels -Wexpansion-to-defined -Wimplicit-fallthrough=2 -Wno-missing-include-dirs -Wno-shift-negative-value -Wno-psabi -fstack-protector-strong -Werror -c -o config-temp/qemu-conf.o config-temp/qemu-conf.c

funcs: do_compiler do_cc compile_prog main
lines: 145 187 2607 0
cc -DCONFIG_LMJ -DCONFIG_LMJ_DEBUG -fPIE -DPIE -std=gnu11 -Wall -D_GNU_SOURCE -D_FILE_OFFSET_BITS=64 -D_LARGEFILE_SOURCE -Wstrict-prototypes -Wredundant-decls -Wundef -Wwrite-strings -Wmissing-prototypes -fno-strict-aliasing -fno-common -fwrapv -Wold-style-declaration -Wold-style-definition -Wtype-limits -Wformat-security -Wformat-y2k -Winit-self -Wignored-qualifiers -Wempty-body -Wnested-externs -Wendif-labels -Wexpansion-to-defined -Wimplicit-fallthrough=2 -Wno-missing-include-dirs -Wno-shift-negative-value -Wno-psabi -fstack-protector-strong -o config-temp/qemu-conf.exe config-temp/qemu-conf.c -export-dynamic -pie -Wl,-z,relro -Wl,-z,now -fstack-protector-strong
cc -Werror -DCONFIG_LMJ -DCONFIG_LMJ_DEBUG -fPIE -DPIE -std=gnu11 -Wall -D_GNU_SOURCE -D_FILE_OFFSET_BITS=64 -D_LARGEFILE_SOURCE -Wstrict-prototypes -Wredundant-decls -Wundef -Wwrite-strings -Wmissing-prototypes -fno-strict-aliasing -fno-common -fwrapv -Wold-style-declaration -Wold-style-definition -Wtype-limits -Wformat-security -Wformat-y2k -Winit-self -Wignored-qualifiers -Wempty-body -Wnested-externs -Wendif-labels -Wexpansion-to-defined -Wimplicit-fallthrough=2 -Wno-missing-include-dirs -Wno-shift-negative-value -Wno-psabi -fstack-protector-strong -o config-temp/qemu-conf.exe config-temp/qemu-conf.c -export-dynamic -pie -Wl,-z,relro -Wl,-z,now -fstack-protector-strong

funcs: do_compiler do_cc compile_object main
lines: 145 181 2755 0
cc -DCONFIG_LMJ -DCONFIG_LMJ_DEBUG -fPIE -DPIE -std=gnu11 -Wall -D_GNU_SOURCE -D_FILE_OFFSET_BITS=64 -D_LARGEFILE_SOURCE -Wstrict-prototypes -Wredundant-decls -Wundef -Wwrite-strings -Wmissing-prototypes -fno-strict-aliasing -fno-common -fwrapv -Wold-style-declaration -Wold-style-definition -Wtype-limits -Wformat-security -Wformat-y2k -Winit-self -Wignored-qualifiers -Wempty-body -Wnested-externs -Wendif-labels -Wexpansion-to-defined -Wimplicit-fallthrough=2 -Wno-missing-include-dirs -Wno-shift-negative-value -Wno-psabi -fstack-protector-strong -c -o config-temp/qemu-conf.o config-temp/qemu-conf.c
cc -Werror -DCONFIG_LMJ -DCONFIG_LMJ_DEBUG -fPIE -DPIE -std=gnu11 -Wall -D_GNU_SOURCE -D_FILE_OFFSET_BITS=64 -D_LARGEFILE_SOURCE -Wstrict-prototypes -Wredundant-decls -Wundef -Wwrite-strings -Wmissing-prototypes -fno-strict-aliasing -fno-common -fwrapv -Wold-style-declaration -Wold-style-definition -Wtype-limits -Wformat-security -Wformat-y2k -Winit-self -Wignored-qualifiers -Wempty-body -Wnested-externs -Wendif-labels -Wexpansion-to-defined -Wimplicit-fallthrough=2 -Wno-missing-include-dirs -Wno-shift-negative-value -Wno-psabi -fstack-protector-strong -c -o config-temp/qemu-conf.o config-temp/qemu-conf.c

funcs: do_compiler do_cxx main
lines: 149 2766 0
c++ -DCONFIG_LMJ -DCONFIG_LMJ_DEBUG -fPIE -DPIE -std=gnu++11 -Wall -D__STDC_LIMIT_MACROS -D__STDC_CONSTANT_MACROS -D__STDC_FORMAT_MACROS -D_GNU_SOURCE -D_FILE_OFFSET_BITS=64 -D_LARGEFILE_SOURCE -Wundef -Wwrite-strings -fno-strict-aliasing -fno-common -fwrapv -Wtype-limits -Wformat-security -Wformat-y2k -Winit-self -Wignored-qualifiers -Wempty-body -Wendif-labels -Wexpansion-to-defined -Wimplicit-fallthrough=2 -Wno-missing-include-dirs -Wno-shift-negative-value -Wno-psabi -fstack-protector-strong -o config-temp/qemu-conf.exe config-temp/qemu-conf.cxx config-temp/qemu-conf.o -Wl,--warn-common -Wl,-z,relro -Wl,-z,now -fstack-protector-strong
c++ -Werror -DCONFIG_LMJ -DCONFIG_LMJ_DEBUG -fPIE -DPIE -std=gnu++11 -Wall -D__STDC_LIMIT_MACROS -D__STDC_CONSTANT_MACROS -D__STDC_FORMAT_MACROS -D_GNU_SOURCE -D_FILE_OFFSET_BITS=64 -D_LARGEFILE_SOURCE -Wundef -Wwrite-strings -fno-strict-aliasing -fno-common -fwrapv -Wtype-limits -Wformat-security -Wformat-y2k -Winit-self -Wignored-qualifiers -Wempty-body -Wendif-labels -Wexpansion-to-defined -Wimplicit-fallthrough=2 -Wno-missing-include-dirs -Wno-shift-negative-value -Wno-psabi -fstack-protector-strong -o config-temp/qemu-conf.exe config-temp/qemu-conf.cxx config-temp/qemu-conf.o -Wl,--warn-common -Wl,-z,relro -Wl,-z,now -fstack-protector-strong

funcs: do_compiler main
lines: 259 0
cc -o config-temp/qemu-conf.exe config-temp/qemu-conf.c -static
/usr/bin/ld: 找不到 -lc
collect2: error: ld returned 1 exit status

funcs: do_compiler main
lines: 262 0
cc -o config-temp/qemu-conf.exe config-temp/qemu-conf.c
